20170606-16:45:04.089 [Harvester-BlueBottle] [main] [34mINFO [0;39m [36mo.l.b.Application[0;39m - Harvester BlueBottleBiz is ready to start     ٩(͡๏̯͡๏)۶ 
20170606-16:45:07.364 [Harvester-BlueBottle] [main] [34mINFO [0;39m [36mo.l.b.l.BlueBottleLoaderParallel[0;39m - Processing book: 'the-unpublished-david-ogilvy' 
20170606-16:45:07.364 [Harvester-BlueBottle] [orker-1] [34mINFO [0;39m [36mo.l.b.l.BlueBottleLoaderParallel[0;39m - Processing book: 'maritime-logistics' 
20170606-16:45:07.364 [Harvester-BlueBottle] [orker-4] [34mINFO [0;39m [36mo.l.b.l.BlueBottleLoaderParallel[0;39m - Processing book: 'rules-are-not-enough' 
20170606-16:45:07.364 [Harvester-BlueBottle] [orker-3] [34mINFO [0;39m [36mo.l.b.l.BlueBottleLoaderParallel[0;39m - Processing book: 'brandwashed' 
20170606-16:45:07.364 [Harvester-BlueBottle] [orker-5] [34mINFO [0;39m [36mo.l.b.l.BlueBottleLoaderParallel[0;39m - Processing book: 'the-business-plan-workbook' 
20170606-16:45:07.364 [Harvester-BlueBottle] [orker-2] [34mINFO [0;39m [36mo.l.b.l.BlueBottleLoaderParallel[0;39m - Processing book: 'the-economist-guide-to-organisation-design' 
20170606-16:45:07.364 [Harvester-BlueBottle] [orker-6] [34mINFO [0;39m [36mo.l.b.l.BlueBottleLoaderParallel[0;39m - Processing book: 'ultimate-iq-tests' 
20170606-16:45:07.364 [Harvester-BlueBottle] [orker-7] [34mINFO [0;39m [36mo.l.b.l.BlueBottleLoaderParallel[0;39m - Processing book: 'understanding-digital-marketing' 
20170606-16:45:11.336 [Harvester-BlueBottle] [main] [34mINFO [0;39m [36mo.l.b.l.BlueBottleLoaderParallel[0;39m - Processing book: 'surviving-the-debt-storm' 
20170606-16:45:12.835 [Harvester-BlueBottle] [orker-2] [34mINFO [0;39m [36mo.l.b.l.BlueBottleLoaderParallel[0;39m - Processing book: 'the-economist-guide-to-management-ideas-and-gurus' 
20170606-16:45:13.137 [Harvester-BlueBottle] [orker-4] [34mINFO [0;39m [36mo.l.b.l.BlueBottleLoaderParallel[0;39m - Processing book: 'the-economist-guide-to-supply-chain-management' 
20170606-16:45:14.363 [Harvester-BlueBottle] [orker-1] [34mINFO [0;39m [36mo.l.b.l.BlueBottleLoaderParallel[0;39m - Processing book: 'the-new-cfos' 
20170606-16:45:15.321 [Harvester-BlueBottle] [orker-5] [34mINFO [0;39m [36mo.l.b.l.BlueBottleLoaderParallel[0;39m - Processing book: 'management-stripped-bare' 
20170606-16:45:15.566 [Harvester-BlueBottle] [orker-7] [34mINFO [0;39m [36mo.l.b.l.BlueBottleLoaderParallel[0;39m - Processing book: 'adaptability' 
20170606-16:45:15.572 [Harvester-BlueBottle] [orker-3] [34mINFO [0;39m [36mo.l.b.l.BlueBottleLoaderParallel[0;39m - Processing book: 'apprenticeships' 
20170606-16:45:15.909 [Harvester-BlueBottle] [orker-6] [34mINFO [0;39m [36mo.l.b.l.BlueBottleLoaderParallel[0;39m - Processing book: 'brand-together' 
20170606-16:45:17.253 [Harvester-BlueBottle] [orker-2] [34mINFO [0;39m [36mo.l.b.l.BlueBottleLoaderParallel[0;39m - Processing book: 'think-globally-spend-locally' 
20170606-16:45:18.182 [Harvester-BlueBottle] [main] [34mINFO [0;39m [36mo.l.b.l.BlueBottleLoaderParallel[0;39m - Processing book: 'fans-not-customers' 
20170606-16:45:18.312 [Harvester-BlueBottle] [orker-4] [34mINFO [0;39m [36mo.l.b.l.BlueBottleLoaderParallel[0;39m - Processing book: 'supercorp' 
20170606-16:45:19.212 [Harvester-BlueBottle] [orker-2] [34mINFO [0;39m [36mo.l.b.l.BlueBottleLoaderParallel[0;39m - Processing book: 'the-economist-directors-an-a-z-guide' 
20170606-16:45:20.241 [Harvester-BlueBottle] [orker-7] [34mINFO [0;39m [36mo.l.b.l.BlueBottleLoaderParallel[0;39m - Processing book: 'essay-writing-skills' 
20170606-16:45:20.396 [Harvester-BlueBottle] [orker-6] [34mINFO [0;39m [36mo.l.b.l.BlueBottleLoaderParallel[0;39m - Processing book: 'digital-wars' 
20170606-16:45:20.423 [Harvester-BlueBottle] [orker-1] [34mINFO [0;39m [36mo.l.b.l.BlueBottleLoaderParallel[0;39m - Processing book: 'walmart' 
20170606-16:45:22.475 [Harvester-BlueBottle] [main] [34mINFO [0;39m [36mo.l.b.l.BlueBottleLoaderParallel[0;39m - Processing book: 'inside-the-box' 
20170606-16:45:22.480 [Harvester-BlueBottle] [orker-3] [34mINFO [0;39m [36mo.l.b.l.BlueBottleLoaderParallel[0;39m - Processing book: 'ultimate-new-job' 
20170606-16:45:23.687 [Harvester-BlueBottle] [orker-5] [34mINFO [0;39m [36mo.l.b.l.BlueBottleLoaderParallel[0;39m - Processing book: 'implementing-strategic-change' 
20170606-16:45:25.477 [Harvester-BlueBottle] [orker-7] [34mINFO [0;39m [36mo.l.b.l.BlueBottleLoaderParallel[0;39m - Processing book: 'management-level-psychometric-assessments' 
20170606-16:45:25.626 [Harvester-BlueBottle] [orker-4] [34mINFO [0;39m [36mo.l.b.l.BlueBottleLoaderParallel[0;39m - Processing book: 'the-mis-behaviour-of-markets' 
20170606-16:45:26.461 [Harvester-BlueBottle] [orker-6] [34mINFO [0;39m [36mo.l.b.l.BlueBottleLoaderParallel[0;39m - Processing book: 'the-decision-book' 
20170606-16:45:26.725 [Harvester-BlueBottle] [orker-2] [34mINFO [0;39m [36mo.l.b.l.BlueBottleLoaderParallel[0;39m - Processing book: 'what-got-you-here-wona-39-t-get-you-there' 
20170606-16:45:27.837 [Harvester-BlueBottle] [orker-3] [34mINFO [0;39m [36mo.l.b.l.BlueBottleLoaderParallel[0;39m - Processing book: 'readymade-cvs' 
20170606-16:45:27.888 [Harvester-BlueBottle] [orker-1] [34mINFO [0;39m [36mo.l.b.l.BlueBottleLoaderParallel[0;39m - Processing book: 'the-economist-economics-an-a-z-guide' 
20170606-16:45:29.113 [Harvester-BlueBottle] [orker-6] [34mINFO [0;39m [36mo.l.b.l.BlueBottleLoaderParallel[0;39m - Processing book: 'why-nations-fail' 
20170606-16:45:29.197 [Harvester-BlueBottle] [main] [34mINFO [0;39m [36mo.l.b.l.BlueBottleLoaderParallel[0;39m - Processing book: 'the-change-book' 
20170606-16:45:29.774 [Harvester-BlueBottle] [orker-7] [34mINFO [0;39m [36mo.l.b.l.BlueBottleLoaderParallel[0;39m - Processing book: 'ultimate-psychometric-tests' 
20170606-16:45:30.638 [Harvester-BlueBottle] [orker-4] [34mINFO [0;39m [36mo.l.b.l.BlueBottleLoaderParallel[0;39m - Processing book: 'buzz' 
20170606-16:45:30.917 [Harvester-BlueBottle] [orker-5] [34mINFO [0;39m [36mo.l.b.l.BlueBottleLoaderParallel[0;39m - Processing book: 'shopper-marketing' 
20170606-17:25:49.890 [Harvester-BlueBottle] [main] [34mINFO [0;39m [36mo.l.b.Application[0;39m - Harvester BlueBottleBiz is ready to start     ٩(͡๏̯͡๏)۶ 
20170606-17:25:53.381 [Harvester-BlueBottle] [main] [34mINFO [0;39m [36mo.l.b.l.BlueBottleLoaderParallel[0;39m - Processing book: 'the-unpublished-david-ogilvy' 
20170606-17:25:53.381 [Harvester-BlueBottle] [orker-3] [34mINFO [0;39m [36mo.l.b.l.BlueBottleLoaderParallel[0;39m - Processing book: 'brandwashed' 
20170606-17:25:53.381 [Harvester-BlueBottle] [orker-4] [34mINFO [0;39m [36mo.l.b.l.BlueBottleLoaderParallel[0;39m - Processing book: 'ultimate-iq-tests' 
20170606-17:25:53.381 [Harvester-BlueBottle] [orker-2] [34mINFO [0;39m [36mo.l.b.l.BlueBottleLoaderParallel[0;39m - Processing book: 'maritime-logistics' 
20170606-17:25:53.381 [Harvester-BlueBottle] [orker-5] [34mINFO [0;39m [36mo.l.b.l.BlueBottleLoaderParallel[0;39m - Processing book: 'rules-are-not-enough' 
20170606-17:25:53.382 [Harvester-BlueBottle] [orker-6] [34mINFO [0;39m [36mo.l.b.l.BlueBottleLoaderParallel[0;39m - Processing book: 'readymade-cvs' 
20170606-17:25:53.382 [Harvester-BlueBottle] [orker-1] [34mINFO [0;39m [36mo.l.b.l.BlueBottleLoaderParallel[0;39m - Processing book: 'the-economist-guide-to-organisation-design' 
20170606-17:25:53.382 [Harvester-BlueBottle] [orker-7] [34mINFO [0;39m [36mo.l.b.l.BlueBottleLoaderParallel[0;39m - Processing book: 'the-decision-book' 
20170606-17:25:57.131 [Harvester-BlueBottle] [orker-7] [34mINFO [0;39m [36mo.l.b.l.BlueBottleLoaderParallel[0;39m - Processing book: 'why-nations-fail' 
20170606-17:25:58.475 [Harvester-BlueBottle] [main] [34mINFO [0;39m [36mo.l.b.l.BlueBottleLoaderParallel[0;39m - Processing book: 'surviving-the-debt-storm' 
20170606-17:25:59.202 [Harvester-BlueBottle] [orker-2] [34mINFO [0;39m [36mo.l.b.l.BlueBottleLoaderParallel[0;39m - Processing book: 'the-new-cfos' 
20170606-17:25:59.422 [Harvester-BlueBottle] [orker-1] [34mINFO [0;39m [36mo.l.b.l.BlueBottleLoaderParallel[0;39m - Processing book: 'the-economist-guide-to-management-ideas-and-gurus' 
20170606-17:25:59.424 [Harvester-BlueBottle] [orker-5] [34mINFO [0;39m [36mo.l.b.l.BlueBottleLoaderParallel[0;39m - Processing book: 'the-economist-guide-to-supply-chain-management' 
20170606-17:25:59.690 [Harvester-BlueBottle] [orker-6] [34mINFO [0;39m [36mo.l.b.l.BlueBottleLoaderParallel[0;39m - Processing book: 'it-governance' 
20170606-17:26:00.326 [Harvester-BlueBottle] [orker-3] [34mINFO [0;39m [36mo.l.b.l.BlueBottleLoaderParallel[0;39m - Processing book: 'apprenticeships' 
20170606-17:26:01.172 [Harvester-BlueBottle] [orker-4] [34mINFO [0;39m [36mo.l.b.l.BlueBottleLoaderParallel[0;39m - Processing book: 'brand-together' 
20170606-17:26:03.910 [Harvester-BlueBottle] [orker-1] [34mINFO [0;39m [36mo.l.b.l.BlueBottleLoaderParallel[0;39m - Processing book: 'think-globally-spend-locally' 
20170606-17:26:04.444 [Harvester-BlueBottle] [orker-4] [34mINFO [0;39m [36mo.l.b.l.BlueBottleLoaderParallel[0;39m - Processing book: 'digital-wars' 
20170606-17:26:04.452 [Harvester-BlueBottle] [orker-2] [34mINFO [0;39m [36mo.l.b.l.BlueBottleLoaderParallel[0;39m - Processing book: 'walmart' 
20170606-17:26:04.753 [Harvester-BlueBottle] [main] [34mINFO [0;39m [36mo.l.b.l.BlueBottleLoaderParallel[0;39m - Processing book: 'fans-not-customers' 
20170606-17:26:04.785 [Harvester-BlueBottle] [orker-3] [34mINFO [0;39m [36mo.l.b.l.BlueBottleLoaderParallel[0;39m - Processing book: 'ultimate-new-job' 
20170606-17:26:04.899 [Harvester-BlueBottle] [orker-5] [34mINFO [0;39m [36mo.l.b.l.BlueBottleLoaderParallel[0;39m - Processing book: 'supercorp' 
20170606-17:26:05.971 [Harvester-BlueBottle] [orker-1] [34mINFO [0;39m [36mo.l.b.l.BlueBottleLoaderParallel[0;39m - Processing book: 'the-economist-directors-an-a-z-guide' 
20170606-17:26:08.348 [Harvester-BlueBottle] [main] [34mINFO [0;39m [36mo.l.b.l.BlueBottleLoaderParallel[0;39m - Processing book: 'inside-the-box' 
20170606-17:26:09.550 [Harvester-BlueBottle] [orker-7] [34mINFO [0;39m [36mo.l.b.l.BlueBottleLoaderParallel[0;39m - Processing book: 'the-economist-guide-to-decision-making' 
20170606-17:26:09.678 [Harvester-BlueBottle] [orker-4] [34mINFO [0;39m [36mo.l.b.l.BlueBottleLoaderParallel[0;39m - Processing book: 'management-level-psychometric-assessments' 
20170606-17:26:09.724 [Harvester-BlueBottle] [orker-3] [34mINFO [0;39m [36mo.l.b.l.BlueBottleLoaderParallel[0;39m - Processing book: 'the-economist-economics-an-a-z-guide' 
20170606-17:26:10.417 [Harvester-BlueBottle] [orker-2] [34mINFO [0;39m [36mo.l.b.l.BlueBottleLoaderParallel[0;39m - Processing book: 'understanding-digital-marketing' 
20170606-17:26:12.257 [Harvester-BlueBottle] [orker-5] [34mINFO [0;39m [36mo.l.b.l.BlueBottleLoaderParallel[0;39m - Processing book: 'the-mis-behaviour-of-markets' 
20170606-17:26:13.226 [Harvester-BlueBottle] [orker-6] [34mINFO [0;39m [36mo.l.b.l.BlueBottleLoaderParallel[0;39m - Processing book: 'ultimate-interview' 
20170606-17:26:13.335 [Harvester-BlueBottle] [orker-1] [34mINFO [0;39m [36mo.l.b.l.BlueBottleLoaderParallel[0;39m - Processing book: 'what-got-you-here-wona-39-t-get-you-there' 
20170606-17:26:13.403 [Harvester-BlueBottle] [orker-4] [34mINFO [0;39m [36mo.l.b.l.BlueBottleLoaderParallel[0;39m - Processing book: 'ultimate-psychometric-tests' 
20170606-17:26:13.424 [Harvester-BlueBottle] [main] [34mINFO [0;39m [36mo.l.b.l.BlueBottleLoaderParallel[0;39m - Processing book: 'the-change-book' 
20170606-17:26:16.609 [Harvester-BlueBottle] [main] [34mINFO [0;39m [36mo.l.b.l.BlueBottleLoaderParallel[0;39m - Processing book: 'the-economist-guide-to-project-management-2nd-edition' 
20170606-17:26:16.620 [Harvester-BlueBottle] [orker-7] [34mINFO [0;39m [36mo.l.b.l.BlueBottleLoaderParallel[0;39m - Processing book: 'good-strategy-bad-strategy' 
20170606-17:26:16.817 [Harvester-BlueBottle] [orker-2] [34mINFO [0;39m [36mo.l.b.l.BlueBottleLoaderParallel[0;39m - Processing book: 'adaptability' 
20170606-17:26:16.870 [Harvester-BlueBottle] [orker-5] [34mINFO [0;39m [36mo.l.b.l.BlueBottleLoaderParallel[0;39m - Processing book: 'buzz' 
20170606-17:26:18.157 [Harvester-BlueBottle] [orker-3] [34mINFO [0;39m [36mo.l.b.l.BlueBottleLoaderParallel[0;39m - Processing book: 'the-economist-investment-an-a-z-guide' 
20170606-17:26:19.185 [Harvester-BlueBottle] [orker-4] [34mINFO [0;39m [36mo.l.b.l.BlueBottleLoaderParallel[0;39m - Processing book: 'developing-mental-toughness' 
20170606-17:26:19.410 [Harvester-BlueBottle] [orker-1] [34mINFO [0;39m [36mo.l.b.l.BlueBottleLoaderParallel[0;39m - Processing book: 'free-lunch' 
20170606-17:26:21.182 [Harvester-BlueBottle] [orker-2] [34mINFO [0;39m [36mo.l.b.l.BlueBottleLoaderParallel[0;39m - Processing book: 'essay-writing-skills' 
20170606-17:26:21.408 [Harvester-BlueBottle] [orker-7] [34mINFO [0;39m [36mo.l.b.l.BlueBottleLoaderParallel[0;39m - Processing book: 'the-american-phoenix' 
20170606-17:26:21.522 [Harvester-BlueBottle] [orker-6] [34mINFO [0;39m [36mo.l.b.l.BlueBottleLoaderParallel[0;39m - Processing book: 'the-business-plan-workbook' 
20170606-17:26:24.663 [Harvester-BlueBottle] [main] [34mINFO [0;39m [36mo.l.b.l.BlueBottleLoaderParallel[0;39m - Processing book: 'managing-yourself' 
20170606-17:26:24.697 [Harvester-BlueBottle] [orker-3] [34mINFO [0;39m [36mo.l.b.l.BlueBottleLoaderParallel[0;39m - Processing book: 'the-green-guide-for-business' 
20170606-17:26:24.973 [Harvester-BlueBottle] [orker-5] [34mINFO [0;39m [36mo.l.b.l.BlueBottleLoaderParallel[0;39m - Processing book: 'the-economist-guide-to-economic-indicators' 
20170606-17:26:25.401 [Harvester-BlueBottle] [orker-1] [34mINFO [0;39m [36mo.l.b.l.BlueBottleLoaderParallel[0;39m - Processing book: 'the-economist-business-strategy' 
20170606-17:26:25.461 [Harvester-BlueBottle] [orker-2] [34mINFO [0;39m [36mo.l.b.l.BlueBottleLoaderParallel[0;39m - Processing book: 'the-unwritten-laws-of-finance-and-investment' 
20170606-17:26:25.492 [Harvester-BlueBottle] [orker-7] [34mINFO [0;39m [36mo.l.b.l.BlueBottleLoaderParallel[0;39m - Processing book: 'the-economist-guide-to-managing-growth' 
20170606-17:26:27.875 [Harvester-BlueBottle] [orker-1] [34mINFO [0;39m [36mo.l.b.l.BlueBottleLoaderParallel[0;39m - Processing book: 'the-economist-economics' 
20170606-17:26:27.904 [Harvester-BlueBottle] [orker-6] [34mINFO [0;39m [36mo.l.b.l.BlueBottleLoaderParallel[0;39m - Processing book: 'management-stripped-bare' 
20170606-17:26:28.041 [Harvester-BlueBottle] [orker-2] [34mINFO [0;39m [36mo.l.b.l.BlueBottleLoaderParallel[0;39m - Processing book: 'the-economist-brands-and-branding' 
20170606-17:26:28.867 [Harvester-BlueBottle] [orker-3] [34mINFO [0;39m [36mo.l.b.l.BlueBottleLoaderParallel[0;39m - Processing book: 'the-48-laws-of-power' 
20170606-17:26:28.904 [Harvester-BlueBottle] [orker-5] [34mINFO [0;39m [36mo.l.b.l.BlueBottleLoaderParallel[0;39m - Processing book: 'tell-to-win' 
20170606-17:26:29.173 [Harvester-BlueBottle] [orker-4] [34mINFO [0;39m [36mo.l.b.l.BlueBottleLoaderParallel[0;39m - Processing book: 'the-dragon-and-the-elephant' 
20170606-17:26:29.597 [Harvester-BlueBottle] [main] [34mINFO [0;39m [36mo.l.b.l.BlueBottleLoaderParallel[0;39m - Processing book: 'campaign-it' 
20170606-17:26:30.473 [Harvester-BlueBottle] [orker-7] [34mINFO [0;39m [36mo.l.b.l.BlueBottleLoaderParallel[0;39m - Processing book: 'what-management-is' 
20170606-17:26:31.949 [Harvester-BlueBottle] [orker-1] [34mINFO [0;39m [36mo.l.b.l.BlueBottleLoaderParallel[0;39m - Processing book: 'mapping-the-markets' 
20170606-17:26:32.157 [Harvester-BlueBottle] [orker-2] [34mINFO [0;39m [36mo.l.b.l.BlueBottleLoaderParallel[0;39m - Processing book: 'the-economist-business-consulting' 
20170606-17:26:33.414 [Harvester-BlueBottle] [orker-4] [34mINFO [0;39m [36mo.l.b.l.BlueBottleLoaderParallel[0;39m - Processing book: 'the-fish-rots-from-the-head' 
20170606-17:26:33.792 [Harvester-BlueBottle] [orker-5] [34mINFO [0;39m [36mo.l.b.l.BlueBottleLoaderParallel[0;39m - Processing book: 'the-question-book' 
20170606-17:26:33.955 [Harvester-BlueBottle] [orker-7] [34mINFO [0;39m [36mo.l.b.l.BlueBottleLoaderParallel[0;39m - Processing book: 'selected' 
20170606-17:26:34.091 [Harvester-BlueBottle] [orker-1] [34mINFO [0;39m [36mo.l.b.l.BlueBottleLoaderParallel[0;39m - Processing book: 'the-economist-guide-to-analysing-companies' 
20170606-17:26:35.579 [Harvester-BlueBottle] [orker-2] [34mINFO [0;39m [36mo.l.b.l.BlueBottleLoaderParallel[0;39m - Processing book: 'ultimate-job-search' 
20170606-17:26:35.833 [Harvester-BlueBottle] [orker-6] [34mINFO [0;39m [36mo.l.b.l.BlueBottleLoaderParallel[0;39m - Processing book: 'implementing-strategic-change' 
20170606-17:26:35.984 [Harvester-BlueBottle] [main] [34mINFO [0;39m [36mo.l.b.l.BlueBottleLoaderParallel[0;39m - Processing book: 'key-account-management' 
20170606-17:26:38.160 [Harvester-BlueBottle] [orker-1] [34mINFO [0;39m [36mo.l.b.l.BlueBottleLoaderParallel[0;39m - Processing book: 'the-economist-successful-strategy-execution' 
20170606-17:26:38.283 [Harvester-BlueBottle] [orker-4] [34mINFO [0;39m [36mo.l.b.l.BlueBottleLoaderParallel[0;39m - Processing book: 'managing-directors' 
20170606-17:26:40.587 [Harvester-BlueBottle] [orker-4] [34mINFO [0;39m [36mo.l.b.l.BlueBottleLoaderParallel[0;39m - Processing book: 'the-economist-book-of-business-quotations' 
20170606-17:26:41.508 [Harvester-BlueBottle] [orker-1] [34mINFO [0;39m [36mo.l.b.l.BlueBottleLoaderParallel[0;39m - Processing book: 'city-state' 
20170606-17:26:42.556 [Harvester-BlueBottle] [orker-2] [34mINFO [0;39m [36mo.l.b.l.BlueBottleLoaderParallel[0;39m - Processing book: 'how-the-stock-market-works' 
20170606-17:26:43.454 [Harvester-BlueBottle] [orker-7] [34mINFO [0;39m [36mo.l.b.l.BlueBottleLoaderParallel[0;39m - Processing book: 'mojo' 
20170606-17:26:45.281 [Harvester-BlueBottle] [main] [34mINFO [0;39m [36mo.l.b.l.BlueBottleLoaderParallel[0;39m - Processing book: 'ultimate-aptitude-tests' 
20170606-17:26:45.743 [Harvester-BlueBottle] [orker-4] [34mINFO [0;39m [36mo.l.b.l.BlueBottleLoaderParallel[0;39m - Processing book: 'wait' 
20170606-17:26:46.118 [Harvester-BlueBottle] [orker-5] [34mINFO [0;39m [36mo.l.b.l.BlueBottleLoaderParallel[0;39m - Processing book: 'on-the-fault-line' 
20170606-17:26:47.431 [Harvester-BlueBottle] [orker-7] [34mINFO [0;39m [36mo.l.b.l.BlueBottleLoaderParallel[0;39m - Processing book: 'the-economist-coaching-and-mentoring' 
20170606-17:26:47.571 [Harvester-BlueBottle] [orker-2] [34mINFO [0;39m [36mo.l.b.l.BlueBottleLoaderParallel[0;39m - Processing book: 'the-vocational-assessor-handbook' 
20170606-17:26:49.587 [Harvester-BlueBottle] [orker-6] [34mINFO [0;39m [36mo.l.b.l.BlueBottleLoaderParallel[0;39m - Processing book: 'shopper-marketing' 
20170606-17:26:50.734 [Harvester-BlueBottle] [orker-5] [34mINFO [0;39m [36mo.l.b.l.BlueBottleLoaderParallel[0;39m - Processing book: 'winning-without-losing' 
20170606-17:26:50.741 [Harvester-BlueBottle] [orker-1] [34mINFO [0;39m [36mo.l.b.l.BlueBottleLoaderParallel[0;39m - Processing book: 'the-economist-book-of-isms' 
20170606-17:26:50.877 [Harvester-BlueBottle] [orker-7] [34mINFO [0;39m [36mo.l.b.l.BlueBottleLoaderParallel[0;39m - Processing book: 'enterprise-rules' 
20170606-17:26:51.438 [Harvester-BlueBottle] [orker-3] [34mINFO [0;39m [36mo.l.b.l.BlueBottleLoaderParallel[0;39m - Processing book: 'the-game-changer' 
20170606-17:26:51.923 [Harvester-BlueBottle] [orker-4] [34mINFO [0;39m [36mo.l.b.l.BlueBottleLoaderParallel[0;39m - Processing book: 'the-economist-pocket-world-in-figures-2013' 
20170606-17:26:52.036 [Harvester-BlueBottle] [main] [34mINFO [0;39m [36mo.l.b.l.BlueBottleLoaderParallel[0;39m - Processing book: 'the-economist-megachange' 
20170606-17:26:54.798 [Harvester-BlueBottle] [orker-6] [34mINFO [0;39m [36mo.l.b.l.BlueBottleLoaderParallel[0;39m - Processing book: 'uncommon-sense-common-nonsense' 
20170606-17:26:54.803 [Harvester-BlueBottle] [orker-2] [34mINFO [0;39m [36mo.l.b.l.BlueBottleLoaderParallel[0;39m - Processing book: 'from-village-school-to-global-brand' 
20170606-17:26:54.846 [Harvester-BlueBottle] [orker-5] [34mINFO [0;39m [36mo.l.b.l.BlueBottleLoaderParallel[0;39m - Processing book: 'the-50th-law' 
20170606-17:26:56.046 [Harvester-BlueBottle] [orker-7] [34mINFO [0;39m [36mo.l.b.l.BlueBottleLoaderParallel[0;39m - Processing book: 'managing-others-the-organisational-essentials' 
20170606-17:26:56.087 [Harvester-BlueBottle] [main] [34mINFO [0;39m [36mo.l.b.l.BlueBottleLoaderParallel[0;39m - Processing book: 'swiss-made' 
20170606-17:26:57.912 [Harvester-BlueBottle] [orker-1] [34mINFO [0;39m [36mo.l.b.l.BlueBottleLoaderParallel[0;39m - Processing book: 'obliquity' 
20170606-17:26:58.311 [Harvester-BlueBottle] [orker-3] [34mINFO [0;39m [36mo.l.b.l.BlueBottleLoaderParallel[0;39m - Processing book: 'the-33-strategies-of-war' 
20170606-17:27:00.146 [Harvester-BlueBottle] [orker-5] [34mINFO [0;39m [36mo.l.b.l.BlueBottleLoaderParallel[0;39m - Processing book: 'the-impoverishment-of-nations' 
20170606-17:27:00.155 [Harvester-BlueBottle] [orker-2] [34mINFO [0;39m [36mo.l.b.l.BlueBottleLoaderParallel[0;39m - Processing book: 'the-economist-modern-warfare-intelligence-and-deterrence' 
20170606-17:27:00.228 [Harvester-BlueBottle] [orker-6] [34mINFO [0;39m [36mo.l.b.l.BlueBottleLoaderParallel[0;39m - Processing book: 'the-economist-guide-to-commodities' 
20170606-17:27:01.574 [Harvester-BlueBottle] [orker-7] [34mINFO [0;39m [36mo.l.b.l.BlueBottleLoaderParallel[0;39m - Processing book: 'managing-others-teams-and-individuals' 
20170606-17:27:02.926 [Harvester-BlueBottle] [orker-1] [34mINFO [0;39m [36mo.l.b.l.BlueBottleLoaderParallel[0;39m - Processing book: 'the-age-of-instability' 
20170606-17:27:04.246 [Harvester-BlueBottle] [main] [34mINFO [0;39m [36mo.l.b.l.BlueBottleLoaderParallel[0;39m - Processing book: 'the-economist-managing-uncertainty' 
20170606-17:27:04.285 [Harvester-BlueBottle] [orker-2] [34mINFO [0;39m [36mo.l.b.l.BlueBottleLoaderParallel[0;39m - Processing book: 'africaa-39-s-future-darkness-to-destiny' 
20170606-17:27:04.296 [Harvester-BlueBottle] [orker-5] [34mINFO [0;39m [36mo.l.b.l.BlueBottleLoaderParallel[0;39m - Processing book: 'the-economist-the-world-of-business' 
20170606-17:27:04.826 [Harvester-BlueBottle] [orker-6] [34mINFO [0;39m [36mo.l.b.l.BlueBottleLoaderParallel[0;39m - Processing book: 'investing-in-change' 
20170606-17:27:21.173 [Harvester-BlueBottle] [main] [34mINFO [0;39m [36mo.l.b.l.BlueBottleLoaderParallel[0;39m - ============================================== 
20170606-17:27:21.173 [Harvester-BlueBottle] [main] [34mINFO [0;39m [36mo.l.b.l.BlueBottleLoaderParallel[0;39m - Books listed: 100 
20170606-17:27:21.173 [Harvester-BlueBottle] [main] [34mINFO [0;39m [36mo.l.b.l.BlueBottleLoaderParallel[0;39m - Books not downloaded: 0 
20170606-17:27:21.173 [Harvester-BlueBottle] [main] [34mINFO [0;39m [36mo.l.b.l.BlueBottleLoaderParallel[0;39m - Books saved: 100 
20170606-17:27:21.173 [Harvester-BlueBottle] [main] [34mINFO [0;39m [36mo.l.b.l.BlueBottleLoaderParallel[0;39m - Books not saved: 0 
20170606-17:27:21.174 [Harvester-BlueBottle] [main] [34mINFO [0;39m [36mo.l.b.l.BlueBottleLoaderParallel[0;39m - Books empty: 0 
20170606-17:27:21.174 [Harvester-BlueBottle] [main] [34mINFO [0;39m [36mo.l.b.l.BlueBottleLoaderParallel[0;39m - Books with no DATA: 0 
20170606-17:27:21.174 [Harvester-BlueBottle] [main] [34mINFO [0;39m [36mo.l.b.l.BlueBottleLoaderParallel[0;39m - Books with no Chapters: 0 
20170606-17:27:21.174 [Harvester-BlueBottle] [main] [34mINFO [0;39m [36mo.l.b.l.BlueBottleLoaderParallel[0;39m - Books in domain: 100 
20170606-17:27:21.174 [Harvester-BlueBottle] [main] [34mINFO [0;39m [36mo.l.b.l.BlueBottleLoaderParallel[0;39m - Books NOT in domain: 0 
20170606-17:27:21.174 [Harvester-BlueBottle] [main] [34mINFO [0;39m [36mo.l.b.l.BlueBottleLoaderParallel[0;39m - ---------------------------------------------- 
20170606-17:27:21.174 [Harvester-BlueBottle] [main] [34mINFO [0;39m [36mo.l.b.l.BlueBottleLoaderParallel[0;39m - Chapters listed: 1936 
20170606-17:27:21.174 [Harvester-BlueBottle] [main] [34mINFO [0;39m [36mo.l.b.l.BlueBottleLoaderParallel[0;39m - Chapters not downloaded: 0 
20170606-17:27:21.174 [Harvester-BlueBottle] [main] [34mINFO [0;39m [36mo.l.b.l.BlueBottleLoaderParallel[0;39m - Chapters saved: 1273 
20170606-17:27:21.174 [Harvester-BlueBottle] [main] [34mINFO [0;39m [36mo.l.b.l.BlueBottleLoaderParallel[0;39m - Chapters not saved: 0 
20170606-17:27:21.174 [Harvester-BlueBottle] [main] [34mINFO [0;39m [36mo.l.b.l.BlueBottleLoaderParallel[0;39m - Chapters associated: 1273 
20170606-17:27:21.174 [Harvester-BlueBottle] [main] [34mINFO [0;39m [36mo.l.b.l.BlueBottleLoaderParallel[0;39m - Chapters in domain: 1273 
20170606-17:27:21.175 [Harvester-BlueBottle] [main] [34mINFO [0;39m [36mo.l.b.l.BlueBottleLoaderParallel[0;39m - Chapters NOT in domain: 0 
20170606-17:27:21.175 [Harvester-BlueBottle] [main] [34mINFO [0;39m [36mo.l.b.l.BlueBottleLoaderParallel[0;39m - Chapters empty: 0 
20170606-17:27:21.175 [Harvester-BlueBottle] [main] [34mINFO [0;39m [36mo.l.b.l.BlueBottleLoaderParallel[0;39m - Chapters discarded: 663 
20170606-17:27:21.175 [Harvester-BlueBottle] [main] [34mINFO [0;39m [36mo.l.b.l.BlueBottleLoaderParallel[0;39m - ============================================== 
20170606-17:27:21.180 [Harvester-BlueBottle] [main] [34mINFO [0;39m [36mo.l.b.Application[0;39m - All documents retrieved in: 0hours 1min 31secs 
20170606-17:27:21.180 [Harvester-BlueBottle] [main] [34mINFO [0;39m [36mo.l.b.l.BlueBottleLoaderParallel[0;39m - Updating topics in .. 
20170606-17:27:21.187 [Harvester-BlueBottle] [main] [34mINFO [0;39m [36mo.l.b.l.BlueBottleLoaderParallel[0;39m - Topics requested! <200 OK,{Content-Length=[0], Date=[Tue, 06 Jun 2017 15:27:17 GMT]}> 
